<?xml version="1.0" encoding="UTF-8"?>
<!-- Generated by org.testng.reporters.JUnitXMLReporter -->
<testsuite hostname="DESKTOP-3SUJPVT" ignored="0" name="Free CRM Application Test" tests="10" failures="0" timestamp="31 Aug 2018 03:28:23 GMT" time="318.056" errors="0">
  <testcase name="@BeforeMethod setup" time="49.625" classname="com.infofactors.qa.testcaes.ContactsPageTest">
    <failure type="org.openqa.selenium.TimeoutException" message="Timed out waiting for page load.
Command duration or timeout: 40.06 seconds
Build info: version: &amp;apos;2.53.1&amp;apos;, revision: &amp;apos;a36b8b1cd5757287168e54b817830adce9b0158d&amp;apos;, time: &amp;apos;2016-06-30 19:26:09&amp;apos;
System info: host: &amp;apos;DESKTOP-3SUJPVT&amp;apos;, ip: &amp;apos;192.168.211.1&amp;apos;, os.name: &amp;apos;Windows 10&amp;apos;, os.arch: &amp;apos;amd64&amp;apos;, os.version: &amp;apos;10.0&amp;apos;, java.version: &amp;apos;1.8.0_181&amp;apos;
Driver info: org.openqa.selenium.firefox.FirefoxDriver
Capabilities [{applicationCacheEnabled=true, rotatable=false, handlesAlerts=true, databaseEnabled=true, version=43.0.1, platform=WINDOWS, nativeEvents=false, acceptSslCerts=true, webStorageEnabled=true, locationContextEnabled=true, browserName=firefox, takesScreenshot=true, javascriptEnabled=true, cssSelectorsEnabled=true}]
Session ID: 49983900-d4de-4b3d-ba78-0a2f1df64958">
      <![CDATA[org.openqa.selenium.TimeoutException: Timed out waiting for page load.
Command duration or timeout: 40.06 seconds
Build info: version: '2.53.1', revision: 'a36b8b1cd5757287168e54b817830adce9b0158d', time: '2016-06-30 19:26:09'
System info: host: 'DESKTOP-3SUJPVT', ip: '192.168.211.1', os.name: 'Windows 10', os.arch: 'amd64', os.version: '10.0', java.version: '1.8.0_181'
Driver info: org.openqa.selenium.firefox.FirefoxDriver
Capabilities [{applicationCacheEnabled=true, rotatable=false, handlesAlerts=true, databaseEnabled=true, version=43.0.1, platform=WINDOWS, nativeEvents=false, acceptSslCerts=true, webStorageEnabled=true, locationContextEnabled=true, browserName=firefox, takesScreenshot=true, javascriptEnabled=true, cssSelectorsEnabled=true}]
Session ID: 49983900-d4de-4b3d-ba78-0a2f1df64958
at org.openqa.selenium.remote.ErrorHandler.createThrowable(ErrorHandler.java:206)
at org.openqa.selenium.remote.ErrorHandler.throwIfResponseFailed(ErrorHandler.java:158)
at org.openqa.selenium.remote.RemoteWebDriver.execute(RemoteWebDriver.java:678)
at org.openqa.selenium.remote.RemoteWebDriver.get(RemoteWebDriver.java:316)
at com.infofactors.qa.base.TestBase.intialization(TestBase.java:64)
at com.infofactors.qa.testcaes.ContactsPageTest.setup(ContactsPageTest.java:31)
Caused by: org.openqa.selenium.TimeoutException: Timed out waiting for page load.
Build info: version: '2.53.1', revision: 'a36b8b1cd5757287168e54b817830adce9b0158d', time: '2016-06-30 19:26:09'
System info: host: 'DESKTOP-3SUJPVT', ip: '192.168.211.1', os.name: 'Windows 10', os.arch: 'amd64', os.version: '10.0', java.version: '1.8.0_181'
Driver info: driver.version: unknown
at <anonymous class>.Utils.initWebLoadingListener/<(file:///C:/Users/Manohar/AppData/Local/Temp/anonymous5845613484976349053webdriver-profile/extensions/fxdriver@googlecode.com/components/driver-component.js:9071)
at <anonymous class>.WebLoadingListener/e(file:///C:/Users/Manohar/AppData/Local/Temp/anonymous5845613484976349053webdriver-profile/extensions/fxdriver@googlecode.com/components/driver-component.js:5142)
at <anonymous class>.WebLoadingListener/<(file:///C:/Users/Manohar/AppData/Local/Temp/anonymous5845613484976349053webdriver-profile/extensions/fxdriver@googlecode.com/components/driver-component.js:5150)
at <anonymous class>.fxdriver.Timer.prototype.setTimeout/<.notify(file:///C:/Users/Manohar/AppData/Local/Temp/anonymous5845613484976349053webdriver-profile/extensions/fxdriver@googlecode.com/components/driver-component.js:625)
... Removed 32 stack frames]]>
    </failure>
  </testcase> <!-- @BeforeMethod setup -->
  <testcase name="@BeforeMethod setup" time="0.0" classname="com.infofactors.qa.testcaes.ContactsPageTest">
    <skipped/>
  </testcase> <!-- @BeforeMethod setup -->
  <testcase name="@BeforeMethod setup" time="0.0" classname="com.infofactors.qa.testcaes.ContactsPageTest">
    <skipped/>
  </testcase> <!-- @BeforeMethod setup -->
  <testcase name="@BeforeMethod setup" time="0.0" classname="com.infofactors.qa.testcaes.ContactsPageTest">
    <skipped/>
  </testcase> <!-- @BeforeMethod setup -->
  <testcase name="verifyLoginPagetitleTest" time="0.745" classname="com.infofactors.qa.testcaes.LoginPageTest"/>
  <testcase name="verifyhomepageTitleTest" time="0.023" classname="com.infofactors.qa.testcaes.HomePageTest"/>
  <testcase name="verifyContactsLableTest" time="0.0" classname="com.infofactors.qa.testcaes.ContactsPageTest">
    <skipped/>
  </testcase> <!-- verifyContactsLableTest -->
  <testcase name="verifycrmLogoTest" time="2.734" classname="com.infofactors.qa.testcaes.LoginPageTest"/>
  <testcase name="verifyhomepagenameTest" time="15.375" classname="com.infofactors.qa.testcaes.HomePageTest"/>
  <testcase name="selectContactTest" time="0.0" classname="com.infofactors.qa.testcaes.ContactsPageTest">
    <skipped/>
  </testcase> <!-- selectContactTest -->
  <testcase name="loginTest" time="1.388" classname="com.infofactors.qa.testcaes.LoginPageTest"/>
  <testcase name="verifycontactlinkTest" time="0.154" classname="com.infofactors.qa.testcaes.HomePageTest"/>
  <testcase name="selectMultipleContactsTest" time="0.0" classname="com.infofactors.qa.testcaes.ContactsPageTest">
    <skipped/>
  </testcase> <!-- selectMultipleContactsTest -->
  <testcase name="validateCreateNewContactTest" time="0.001" classname="com.infofactors.qa.testcaes.ContactsPageTest">
    <skipped/>
  </testcase> <!-- validateCreateNewContactTest -->
</testsuite> <!-- Free CRM Application Test -->
